{"name":"buy product","id":"buy-product;buy-product","testSteps":[{"number":1,"description":"Given the user was navigated in the web","duration":12227,"startTime":"2020-06-21T20:17:01.287-05:00[America/Bogota]","screenshots":[{"screenshot":"934793042b8d09a0481e669452f97c4488114c3a3245150281deb3aaadc30524.png","timeStamp":1592788633514}],"result":"SUCCESS","precondition":false,"level":0,"children":[{"number":2,"description":"the user opens the https://www.wong.pe/especiales/cyberwong","duration":11594,"startTime":"2020-06-21T20:17:01.891-05:00[America/Bogota]","screenshots":[{"screenshot":"934793042b8d09a0481e669452f97c4488114c3a3245150281deb3aaadc30524.png","timeStamp":1592788633484}],"result":"SUCCESS","precondition":false,"level":1}]},{"number":3,"description":"When the user select a product\n| product | email |\n| Porci√≥n de Papas Fritas Especiales x 300 g | deisy@gmail.com |","duration":28683,"startTime":"2020-06-21T20:17:13.541-05:00[America/Bogota]","screenshots":[{"screenshot":"45a95ab28fb81b333363267331f9bb7c0f3c9a715722fa005df4d1e7d82a4d9a.png","timeStamp":1592788635071}],"exception":{"errorType":"net.thucydides.core.webdriver.exceptions.ElementShouldBeEnabledException","message":"Expected enabled element was not enabled","stackTrace":[{"declaringClass":"co.com.sophos.tasks.FinishBuy","methodName":"performAs","fileName":"FinishBuy.java","lineNumber":24},{"declaringClass":"co.com.sophos.tasks.SelectProduct","methodName":"performAs","fileName":"SelectProduct.java","lineNumber":25},{"declaringClass":"co.com.sophos.stepdefinitions.BuyProductStepDefinition","methodName":"theUserSelectAProduct","fileName":"BuyProductStepDefinition.java","lineNumber":38},{"declaringClass":"cucumber.runner.Runner","methodName":"runPickle","fileName":"Runner.java","lineNumber":80}],"rootCause":{"errorType":"org.openqa.selenium.TimeoutException","message":"Expected condition failed: waiting for By.xpath: //select[@id\u003d\u0027neighborhood\u0027] to be enabled (tried for 5 second(s) with 100 milliseconds interval)","stackTrace":[{"declaringClass":"co.com.sophos.tasks.FinishBuy","methodName":"performAs","fileName":"FinishBuy.java","lineNumber":24},{"declaringClass":"co.com.sophos.tasks.SelectProduct","methodName":"performAs","fileName":"SelectProduct.java","lineNumber":25},{"declaringClass":"co.com.sophos.stepdefinitions.BuyProductStepDefinition","methodName":"theUserSelectAProduct","fileName":"BuyProductStepDefinition.java","lineNumber":38},{"declaringClass":"cucumber.runner.Runner","methodName":"runPickle","fileName":"Runner.java","lineNumber":80}],"rootCause":{"errorType":"org.openqa.selenium.NoSuchElementException","message":"no such element: Unable to locate element: {\"method\":\"xpath\",\"selector\":\"//select[@id\u003d\u0027neighborhood\u0027]\"}\n  (Session info: chrome\u003d83.0.4103.106)\nFor documentation on this error, please visit: https://www.seleniumhq.org/exceptions/no_such_element.html\nBuild info: version: \u00273.141.59\u0027, revision: \u0027e82be7d358\u0027, time: \u00272018-11-14T08:17:03\u0027\nSystem info: host: \u0027MacBook-de-Macbook.local\u0027, ip: \u0027fe80:0:0:0:145e:7128:969e:a18a%en0\u0027, os.name: \u0027Mac OS X\u0027, os.arch: \u0027x86_64\u0027, os.version: \u002710.14.5\u0027, java.version: \u00271.8.0_212\u0027\nDriver info: org.openqa.selenium.chrome.ChromeDriver\nCapabilities {acceptInsecureCerts: false, browserName: chrome, browserVersion: 83.0.4103.106, chrome: {chromedriverVersion: 83.0.4103.39 (ccbf011cb2d2b..., userDataDir: /var/folders/p6/ynjcs3bs4gx...}, goog:chromeOptions: {debuggerAddress: localhost:51997}, javascriptEnabled: true, networkConnectionEnabled: false, pageLoadStrategy: normal, platform: MAC, platformName: MAC, proxy: Proxy(), setWindowRect: true, strictFileInteractability: false, timeouts: {implicit: 0, pageLoad: 300000, script: 30000}, unhandledPromptBehavior: dismiss and notify, webauthn:virtualAuthenticators: true}\nSession ID: ec7e7b8b295a38fc3072d418b2a06640\n*** Element info: {Using\u003dxpath, value\u003d//select[@id\u003d\u0027neighborhood\u0027]}","stackTrace":[{"declaringClass":"co.com.sophos.tasks.FinishBuy","methodName":"performAs","fileName":"FinishBuy.java","lineNumber":24},{"declaringClass":"co.com.sophos.tasks.SelectProduct","methodName":"performAs","fileName":"SelectProduct.java","lineNumber":25},{"declaringClass":"co.com.sophos.stepdefinitions.BuyProductStepDefinition","methodName":"theUserSelectAProduct","fileName":"BuyProductStepDefinition.java","lineNumber":38},{"declaringClass":"cucumber.runner.Runner","methodName":"runPickle","fileName":"Runner.java","lineNumber":80}]}}},"result":"FAILURE","precondition":false,"level":0,"children":[{"number":4,"description":"The user select product","duration":27103,"startTime":"2020-06-21T20:17:15.115-05:00[America/Bogota]","screenshots":[{"screenshot":"8cc96cd99d50a000da98fa9600612ac04dee671d7bc271884f6b4f0e55defe36.png","timeStamp":1592788636047}],"exception":{"errorType":"net.thucydides.core.webdriver.exceptions.ElementShouldBeEnabledException","message":"Expected enabled element was not enabled","stackTrace":[{"declaringClass":"co.com.sophos.tasks.FinishBuy","methodName":"performAs","fileName":"FinishBuy.java","lineNumber":24},{"declaringClass":"co.com.sophos.tasks.SelectProduct","methodName":"performAs","fileName":"SelectProduct.java","lineNumber":25},{"declaringClass":"co.com.sophos.stepdefinitions.BuyProductStepDefinition","methodName":"theUserSelectAProduct","fileName":"BuyProductStepDefinition.java","lineNumber":38},{"declaringClass":"cucumber.runner.Runner","methodName":"runPickle","fileName":"Runner.java","lineNumber":80}],"rootCause":{"errorType":"org.openqa.selenium.TimeoutException","message":"Expected condition failed: waiting for By.xpath: //select[@id\u003d\u0027neighborhood\u0027] to be enabled (tried for 5 second(s) with 100 milliseconds interval)","stackTrace":[{"declaringClass":"co.com.sophos.tasks.FinishBuy","methodName":"performAs","fileName":"FinishBuy.java","lineNumber":24},{"declaringClass":"co.com.sophos.tasks.SelectProduct","methodName":"performAs","fileName":"SelectProduct.java","lineNumber":25},{"declaringClass":"co.com.sophos.stepdefinitions.BuyProductStepDefinition","methodName":"theUserSelectAProduct","fileName":"BuyProductStepDefinition.java","lineNumber":38},{"declaringClass":"cucumber.runner.Runner","methodName":"runPickle","fileName":"Runner.java","lineNumber":80}],"rootCause":{"errorType":"org.openqa.selenium.NoSuchElementException","message":"no such element: Unable to locate element: {\"method\":\"xpath\",\"selector\":\"//select[@id\u003d\u0027neighborhood\u0027]\"}\n  (Session info: chrome\u003d83.0.4103.106)\nFor documentation on this error, please visit: https://www.seleniumhq.org/exceptions/no_such_element.html\nBuild info: version: \u00273.141.59\u0027, revision: \u0027e82be7d358\u0027, time: \u00272018-11-14T08:17:03\u0027\nSystem info: host: \u0027MacBook-de-Macbook.local\u0027, ip: \u0027fe80:0:0:0:145e:7128:969e:a18a%en0\u0027, os.name: \u0027Mac OS X\u0027, os.arch: \u0027x86_64\u0027, os.version: \u002710.14.5\u0027, java.version: \u00271.8.0_212\u0027\nDriver info: org.openqa.selenium.chrome.ChromeDriver\nCapabilities {acceptInsecureCerts: false, browserName: chrome, browserVersion: 83.0.4103.106, chrome: {chromedriverVersion: 83.0.4103.39 (ccbf011cb2d2b..., userDataDir: /var/folders/p6/ynjcs3bs4gx...}, goog:chromeOptions: {debuggerAddress: localhost:51997}, javascriptEnabled: true, networkConnectionEnabled: false, pageLoadStrategy: normal, platform: MAC, platformName: MAC, proxy: Proxy(), setWindowRect: true, strictFileInteractability: false, timeouts: {implicit: 0, pageLoad: 300000, script: 30000}, unhandledPromptBehavior: dismiss and notify, webauthn:virtualAuthenticators: true}\nSession ID: ec7e7b8b295a38fc3072d418b2a06640\n*** Element info: {Using\u003dxpath, value\u003d//select[@id\u003d\u0027neighborhood\u0027]}","stackTrace":[{"declaringClass":"co.com.sophos.tasks.FinishBuy","methodName":"performAs","fileName":"FinishBuy.java","lineNumber":24},{"declaringClass":"co.com.sophos.tasks.SelectProduct","methodName":"performAs","fileName":"SelectProduct.java","lineNumber":25},{"declaringClass":"co.com.sophos.stepdefinitions.BuyProductStepDefinition","methodName":"theUserSelectAProduct","fileName":"BuyProductStepDefinition.java","lineNumber":38},{"declaringClass":"cucumber.runner.Runner","methodName":"runPickle","fileName":"Runner.java","lineNumber":80}]}}},"result":"FAILURE","precondition":false,"level":1,"children":[{"number":5,"description":"the user clicks on the notification","duration":2709,"startTime":"2020-06-21T20:17:16.152-05:00[America/Bogota]","screenshots":[{"screenshot":"14b60f10d5a3cc4402ca41813071efae9e3f2740d1e355261cc059a1d58475d2.png","timeStamp":1592788637206},{"screenshot":"4f048ddcc8026330cccb87593d9285af0efec6c965d5cd8c5675ff0d7d97b8c3.png","timeStamp":1592788638861}],"result":"SUCCESS","precondition":false,"level":2},{"number":6,"description":"the user clicks on Choose the food product","duration":5250,"startTime":"2020-06-21T20:17:18.865-05:00[America/Bogota]","screenshots":[{"screenshot":"4f048ddcc8026330cccb87593d9285af0efec6c965d5cd8c5675ff0d7d97b8c3.png","timeStamp":1592788638870},{"screenshot":"e87892b0e711524899e466d7ade339c735bc4134fe5fa561432fecfbe1a6e762.png","timeStamp":1592788644114}],"result":"SUCCESS","precondition":false,"level":2},{"number":7,"description":"the user clicks on product","duration":2251,"startTime":"2020-06-21T20:17:24.117-05:00[America/Bogota]","screenshots":[{"screenshot":"e87892b0e711524899e466d7ade339c735bc4134fe5fa561432fecfbe1a6e762.png","timeStamp":1592788644120},{"screenshot":"f0bbf95264d9c5e27fcda1b13f1eb10fcac5ec5f93faf616ca635459058b537c.png","timeStamp":1592788646368}],"result":"SUCCESS","precondition":false,"level":2},{"number":8,"description":"The user finish buy","duration":15810,"startTime":"2020-06-21T20:17:26.397-05:00[America/Bogota]","screenshots":[{"screenshot":"f0bbf95264d9c5e27fcda1b13f1eb10fcac5ec5f93faf616ca635459058b537c.png","timeStamp":1592788646401}],"exception":{"errorType":"net.thucydides.core.webdriver.exceptions.ElementShouldBeEnabledException","message":"Expected enabled element was not enabled","stackTrace":[{"declaringClass":"co.com.sophos.tasks.FinishBuy","methodName":"performAs","fileName":"FinishBuy.java","lineNumber":24},{"declaringClass":"co.com.sophos.tasks.SelectProduct","methodName":"performAs","fileName":"SelectProduct.java","lineNumber":25},{"declaringClass":"co.com.sophos.stepdefinitions.BuyProductStepDefinition","methodName":"theUserSelectAProduct","fileName":"BuyProductStepDefinition.java","lineNumber":38},{"declaringClass":"cucumber.runner.Runner","methodName":"runPickle","fileName":"Runner.java","lineNumber":80}],"rootCause":{"errorType":"org.openqa.selenium.TimeoutException","message":"Expected condition failed: waiting for By.xpath: //select[@id\u003d\u0027neighborhood\u0027] to be enabled (tried for 5 second(s) with 100 milliseconds interval)","stackTrace":[{"declaringClass":"co.com.sophos.tasks.FinishBuy","methodName":"performAs","fileName":"FinishBuy.java","lineNumber":24},{"declaringClass":"co.com.sophos.tasks.SelectProduct","methodName":"performAs","fileName":"SelectProduct.java","lineNumber":25},{"declaringClass":"co.com.sophos.stepdefinitions.BuyProductStepDefinition","methodName":"theUserSelectAProduct","fileName":"BuyProductStepDefinition.java","lineNumber":38},{"declaringClass":"cucumber.runner.Runner","methodName":"runPickle","fileName":"Runner.java","lineNumber":80}],"rootCause":{"errorType":"org.openqa.selenium.NoSuchElementException","message":"no such element: Unable to locate element: {\"method\":\"xpath\",\"selector\":\"//select[@id\u003d\u0027neighborhood\u0027]\"}\n  (Session info: chrome\u003d83.0.4103.106)\nFor documentation on this error, please visit: https://www.seleniumhq.org/exceptions/no_such_element.html\nBuild info: version: \u00273.141.59\u0027, revision: \u0027e82be7d358\u0027, time: \u00272018-11-14T08:17:03\u0027\nSystem info: host: \u0027MacBook-de-Macbook.local\u0027, ip: \u0027fe80:0:0:0:145e:7128:969e:a18a%en0\u0027, os.name: \u0027Mac OS X\u0027, os.arch: \u0027x86_64\u0027, os.version: \u002710.14.5\u0027, java.version: \u00271.8.0_212\u0027\nDriver info: org.openqa.selenium.chrome.ChromeDriver\nCapabilities {acceptInsecureCerts: false, browserName: chrome, browserVersion: 83.0.4103.106, chrome: {chromedriverVersion: 83.0.4103.39 (ccbf011cb2d2b..., userDataDir: /var/folders/p6/ynjcs3bs4gx...}, goog:chromeOptions: {debuggerAddress: localhost:51997}, javascriptEnabled: true, networkConnectionEnabled: false, pageLoadStrategy: normal, platform: MAC, platformName: MAC, proxy: Proxy(), setWindowRect: true, strictFileInteractability: false, timeouts: {implicit: 0, pageLoad: 300000, script: 30000}, unhandledPromptBehavior: dismiss and notify, webauthn:virtualAuthenticators: true}\nSession ID: ec7e7b8b295a38fc3072d418b2a06640\n*** Element info: {Using\u003dxpath, value\u003d//select[@id\u003d\u0027neighborhood\u0027]}","stackTrace":[{"declaringClass":"co.com.sophos.tasks.FinishBuy","methodName":"performAs","fileName":"FinishBuy.java","lineNumber":24},{"declaringClass":"co.com.sophos.tasks.SelectProduct","methodName":"performAs","fileName":"SelectProduct.java","lineNumber":25},{"declaringClass":"co.com.sophos.stepdefinitions.BuyProductStepDefinition","methodName":"theUserSelectAProduct","fileName":"BuyProductStepDefinition.java","lineNumber":38},{"declaringClass":"cucumber.runner.Runner","methodName":"runPickle","fileName":"Runner.java","lineNumber":80}]}}},"result":"FAILURE","precondition":false,"level":2,"children":[{"number":9,"description":"the user enters \u0027deisy@gmail.com\u0027 into field for input personal email","duration":2969,"startTime":"2020-06-21T20:17:26.635-05:00[America/Bogota]","screenshots":[{"screenshot":"dcb42cea960c9ed39d8d1063fecb59ff99b710c6c6d01af6f50df895a90ca87a.png","timeStamp":1592788647724},{"screenshot":"a392e3b94649f2b12c9b210dccaa963673144310ca9c54c1051a373a5ceb8039.png","timeStamp":1592788649604}],"result":"SUCCESS","precondition":false,"level":3},{"number":10,"description":"the user clicks on button for accept email","duration":1439,"startTime":"2020-06-21T20:17:29.607-05:00[America/Bogota]","screenshots":[{"screenshot":"a392e3b94649f2b12c9b210dccaa963673144310ca9c54c1051a373a5ceb8039.png","timeStamp":1592788649621},{"screenshot":"9751cbcd8418eb7eca9972f3687a59980114984b7ce6790997b4429b4700f560.png","timeStamp":1592788651046}],"result":"SUCCESS","precondition":false,"level":3},{"number":11,"description":"the user clicks on option service","duration":1474,"startTime":"2020-06-21T20:17:31.049-05:00[America/Bogota]","screenshots":[{"screenshot":"9751cbcd8418eb7eca9972f3687a59980114984b7ce6790997b4429b4700f560.png","timeStamp":1592788651055},{"screenshot":"aedd8c3d67c5ca1303f9d65312be7837f468dfa23d05cb1041af2bd1c737bd2c.png","timeStamp":1592788652523}],"result":"SUCCESS","precondition":false,"level":3},{"number":12,"description":"the user enters \u0027Carrera 59, \u0027 then hits DOWN and ENTER into choise de store","duration":1991,"startTime":"2020-06-21T20:17:32.526-05:00[America/Bogota]","screenshots":[{"screenshot":"aedd8c3d67c5ca1303f9d65312be7837f468dfa23d05cb1041af2bd1c737bd2c.png","timeStamp":1592788652530},{"screenshot":"9bfbbb20a2af30eede1af74ec1d899b11ec9375e24722400612560368efdc9a0.png","timeStamp":1592788654516}],"result":"SUCCESS","precondition":false,"level":3},{"number":13,"description":"the user select Lima on ","duration":7679,"startTime":"2020-06-21T20:17:34.520-05:00[America/Bogota]","screenshots":[{"screenshot":"9bfbbb20a2af30eede1af74ec1d899b11ec9375e24722400612560368efdc9a0.png","timeStamp":1592788654524},{"screenshot":"f4ed56cda07178dae7fd964c42eff62700839e287d5f1304416e8cf3ff0ab4b8.png","htmlSource":"pagesource6338563287626344073.html.txt","timeStamp":1592788662188}],"exception":{"errorType":"net.thucydides.core.webdriver.exceptions.ElementShouldBeEnabledException","message":"Expected enabled element was not enabled","stackTrace":[{"declaringClass":"co.com.sophos.tasks.FinishBuy","methodName":"performAs","fileName":"FinishBuy.java","lineNumber":24},{"declaringClass":"co.com.sophos.tasks.SelectProduct","methodName":"performAs","fileName":"SelectProduct.java","lineNumber":25},{"declaringClass":"co.com.sophos.stepdefinitions.BuyProductStepDefinition","methodName":"theUserSelectAProduct","fileName":"BuyProductStepDefinition.java","lineNumber":38},{"declaringClass":"cucumber.runner.Runner","methodName":"runPickle","fileName":"Runner.java","lineNumber":80}],"rootCause":{"errorType":"org.openqa.selenium.TimeoutException","message":"Expected condition failed: waiting for By.xpath: //select[@id\u003d\u0027neighborhood\u0027] to be enabled (tried for 5 second(s) with 100 milliseconds interval)","stackTrace":[{"declaringClass":"co.com.sophos.tasks.FinishBuy","methodName":"performAs","fileName":"FinishBuy.java","lineNumber":24},{"declaringClass":"co.com.sophos.tasks.SelectProduct","methodName":"performAs","fileName":"SelectProduct.java","lineNumber":25},{"declaringClass":"co.com.sophos.stepdefinitions.BuyProductStepDefinition","methodName":"theUserSelectAProduct","fileName":"BuyProductStepDefinition.java","lineNumber":38},{"declaringClass":"cucumber.runner.Runner","methodName":"runPickle","fileName":"Runner.java","lineNumber":80}],"rootCause":{"errorType":"org.openqa.selenium.NoSuchElementException","message":"no such element: Unable to locate element: {\"method\":\"xpath\",\"selector\":\"//select[@id\u003d\u0027neighborhood\u0027]\"}\n  (Session info: chrome\u003d83.0.4103.106)\nFor documentation on this error, please visit: https://www.seleniumhq.org/exceptions/no_such_element.html\nBuild info: version: \u00273.141.59\u0027, revision: \u0027e82be7d358\u0027, time: \u00272018-11-14T08:17:03\u0027\nSystem info: host: \u0027MacBook-de-Macbook.local\u0027, ip: \u0027fe80:0:0:0:145e:7128:969e:a18a%en0\u0027, os.name: \u0027Mac OS X\u0027, os.arch: \u0027x86_64\u0027, os.version: \u002710.14.5\u0027, java.version: \u00271.8.0_212\u0027\nDriver info: org.openqa.selenium.chrome.ChromeDriver\nCapabilities {acceptInsecureCerts: false, browserName: chrome, browserVersion: 83.0.4103.106, chrome: {chromedriverVersion: 83.0.4103.39 (ccbf011cb2d2b..., userDataDir: /var/folders/p6/ynjcs3bs4gx...}, goog:chromeOptions: {debuggerAddress: localhost:51997}, javascriptEnabled: true, networkConnectionEnabled: false, pageLoadStrategy: normal, platform: MAC, platformName: MAC, proxy: Proxy(), setWindowRect: true, strictFileInteractability: false, timeouts: {implicit: 0, pageLoad: 300000, script: 30000}, unhandledPromptBehavior: dismiss and notify, webauthn:virtualAuthenticators: true}\nSession ID: ec7e7b8b295a38fc3072d418b2a06640\n*** Element info: {Using\u003dxpath, value\u003d//select[@id\u003d\u0027neighborhood\u0027]}","stackTrace":[{"declaringClass":"co.com.sophos.tasks.FinishBuy","methodName":"performAs","fileName":"FinishBuy.java","lineNumber":24},{"declaringClass":"co.com.sophos.tasks.SelectProduct","methodName":"performAs","fileName":"SelectProduct.java","lineNumber":25},{"declaringClass":"co.com.sophos.stepdefinitions.BuyProductStepDefinition","methodName":"theUserSelectAProduct","fileName":"BuyProductStepDefinition.java","lineNumber":38},{"declaringClass":"cucumber.runner.Runner","methodName":"runPickle","fileName":"Runner.java","lineNumber":80}]}}},"result":"FAILURE","precondition":false,"level":3}]}]}]},{"number":14,"description":"Then the user should see the message successfull","duration":7,"startTime":"2020-06-21T20:17:42.247-05:00[America/Bogota]","result":"SKIPPED","precondition":false,"level":0}],"userStory":{"id":"buy-product","storyName":"buy product","path":"src/test/resources/feature/buy_product.feature","narrative":"  I as transactional user\n   need to buy a product\n   in the web service","type":"feature"},"featureTag":{"name":"Feature/buy product","type":"feature","displayName":"Feature/buy product"},"title":"buy product","startTime":"2020-06-21T20:17:00.939-05:00[America/Bogota]","duration":41317,"testFailureCause":{"errorType":"net.thucydides.core.webdriver.exceptions.ElementShouldBeEnabledException","message":"Expected enabled element was not enabled","stackTrace":[{"declaringClass":"co.com.sophos.tasks.FinishBuy","methodName":"performAs","fileName":"FinishBuy.java","lineNumber":24},{"declaringClass":"co.com.sophos.tasks.SelectProduct","methodName":"performAs","fileName":"SelectProduct.java","lineNumber":25},{"declaringClass":"co.com.sophos.stepdefinitions.BuyProductStepDefinition","methodName":"theUserSelectAProduct","fileName":"BuyProductStepDefinition.java","lineNumber":38},{"declaringClass":"cucumber.runner.Runner","methodName":"runPickle","fileName":"Runner.java","lineNumber":80}],"rootCause":{"errorType":"org.openqa.selenium.TimeoutException","message":"Expected condition failed: waiting for By.xpath: //select[@id\u003d\u0027neighborhood\u0027] to be enabled (tried for 5 second(s) with 100 milliseconds interval)","stackTrace":[{"declaringClass":"co.com.sophos.tasks.FinishBuy","methodName":"performAs","fileName":"FinishBuy.java","lineNumber":24},{"declaringClass":"co.com.sophos.tasks.SelectProduct","methodName":"performAs","fileName":"SelectProduct.java","lineNumber":25},{"declaringClass":"co.com.sophos.stepdefinitions.BuyProductStepDefinition","methodName":"theUserSelectAProduct","fileName":"BuyProductStepDefinition.java","lineNumber":38},{"declaringClass":"cucumber.runner.Runner","methodName":"runPickle","fileName":"Runner.java","lineNumber":80}],"rootCause":{"errorType":"org.openqa.selenium.NoSuchElementException","message":"no such element: Unable to locate element: {\"method\":\"xpath\",\"selector\":\"//select[@id\u003d\u0027neighborhood\u0027]\"}\n  (Session info: chrome\u003d83.0.4103.106)\nFor documentation on this error, please visit: https://www.seleniumhq.org/exceptions/no_such_element.html\nBuild info: version: \u00273.141.59\u0027, revision: \u0027e82be7d358\u0027, time: \u00272018-11-14T08:17:03\u0027\nSystem info: host: \u0027MacBook-de-Macbook.local\u0027, ip: \u0027fe80:0:0:0:145e:7128:969e:a18a%en0\u0027, os.name: \u0027Mac OS X\u0027, os.arch: \u0027x86_64\u0027, os.version: \u002710.14.5\u0027, java.version: \u00271.8.0_212\u0027\nDriver info: org.openqa.selenium.chrome.ChromeDriver\nCapabilities {acceptInsecureCerts: false, browserName: chrome, browserVersion: 83.0.4103.106, chrome: {chromedriverVersion: 83.0.4103.39 (ccbf011cb2d2b..., userDataDir: /var/folders/p6/ynjcs3bs4gx...}, goog:chromeOptions: {debuggerAddress: localhost:51997}, javascriptEnabled: true, networkConnectionEnabled: false, pageLoadStrategy: normal, platform: MAC, platformName: MAC, proxy: Proxy(), setWindowRect: true, strictFileInteractability: false, timeouts: {implicit: 0, pageLoad: 300000, script: 30000}, unhandledPromptBehavior: dismiss and notify, webauthn:virtualAuthenticators: true}\nSession ID: ec7e7b8b295a38fc3072d418b2a06640\n*** Element info: {Using\u003dxpath, value\u003d//select[@id\u003d\u0027neighborhood\u0027]}","stackTrace":[{"declaringClass":"co.com.sophos.tasks.FinishBuy","methodName":"performAs","fileName":"FinishBuy.java","lineNumber":24},{"declaringClass":"co.com.sophos.tasks.SelectProduct","methodName":"performAs","fileName":"SelectProduct.java","lineNumber":25},{"declaringClass":"co.com.sophos.stepdefinitions.BuyProductStepDefinition","methodName":"theUserSelectAProduct","fileName":"BuyProductStepDefinition.java","lineNumber":38},{"declaringClass":"cucumber.runner.Runner","methodName":"runPickle","fileName":"Runner.java","lineNumber":80}]}}},"testFailureClassname":"net.thucydides.core.webdriver.exceptions.ElementShouldBeEnabledException","testFailureMessage":"Expected enabled element was not enabled","testFailureSummary":"FAILURE;net.thucydides.core.webdriver.exceptions.ElementShouldBeEnabledException;Expected enabled element was not enabled;FinishBuy.java","projectKey":"","annotatedResult":"FAILURE","sessionId":"ec7e7b8b295a38fc3072d418b2a06640","driver":"chrome","isManualTestingUpToDate":false,"manual":false,"testSource":"Cucumber","actors":[{"name":"the user","can":["browse the web"]}],"result":"FAILURE"}